============================= test session starts ==============================
platform darwin -- Python 3.14.6, pytest-9.1.1, pluggy-1.6.0 -- /Users/operator/.anicca-venvs/self-improve/bin/python3
cachedir: .pytest_cache
rootdir: /Users/operator/anicca/.worktrees/capable-improver
plugins: anyio-4.14.1
collecting ... collected 44 items

skills/earn/self-improve/tests/test_adversary_disapprove.py::test_good_candidate_is_eligible_for_adversary_review PASSED [  2%]
skills/earn/self-improve/tests/test_adversary_disapprove.py::test_adversary_fail_blocks_promotion_even_though_deterministic_gates_pass PASSED [  4%]
skills/earn/self-improve/tests/test_adversary_disapprove.py::test_adversary_missing_or_erroring_verdict_also_blocks_promotion_fail_closed PASSED [  6%]
skills/earn/self-improve/tests/test_adversary_disapprove.py::test_adversary_pass_on_eligible_candidate_promotes_and_calls_promote_exactly_once PASSED [  9%]
skills/earn/self-improve/tests/test_adversary_disapprove.py::test_ineligible_regressing_candidate_never_becomes_eligible_for_adversary_review PASSED [ 11%]
skills/earn/self-improve/tests/test_baseline_beat.py::test_better_candidate_scope_guard_passes PASSED [ 13%]
skills/earn/self-improve/tests/test_baseline_beat.py::test_better_candidate_beats_baseline_on_stage2_walk_forward PASSED [ 15%]
skills/earn/self-improve/tests/test_baseline_beat.py::test_better_candidate_has_non_negative_worst_window_oos PASSED [ 18%]
skills/earn/self-improve/tests/test_baseline_beat.py::test_full_evaluate_cascade_and_promotion_gate_return_true PASSED [ 20%]
skills/earn/self-improve/tests/test_baseline_beat.py::test_promotion_gate_is_not_trivially_true_adversary_fail_still_blocks PASSED [ 22%]
skills/earn/self-improve/tests/test_denylist_reject.py::test_rejects_candidate_that_changes_a_fixed_region_line PASSED [ 25%]
skills/earn/self-improve/tests/test_denylist_reject.py::test_rejects_evolve_block_that_adds_a_subprocess_import PASSED [ 27%]
skills/earn/self-improve/tests/test_denylist_reject.py::test_rejects_evolve_block_that_references_a_wallet_key_path PASSED [ 29%]
skills/earn/self-improve/tests/test_denylist_reject.py::test_evolve_block_only_edit_with_no_denylisted_reference_is_accepted PASSED [ 31%]
skills/earn/self-improve/tests/test_denylist_reject.py::test_scope_guard_rejection_is_wired_as_stage1s_first_operation PASSED [ 34%]
skills/earn/self-improve/tests/test_heldout_regress.py::test_regressing_candidate_passes_stage1_but_scores_worse_than_baseline_on_stage2_oos PASSED [ 36%]
skills/earn/self-improve/tests/test_heldout_regress.py::test_regressing_candidate_is_not_promoted_end_to_end PASSED [ 38%]
skills/earn/self-improve/tests/test_ledger_reader.py::test_is_profitable_true_for_real_evm_confirmed_row PASSED [ 40%]
skills/earn/self-improve/tests/test_ledger_reader.py::test_is_profitable_true_for_real_solana_confirmed_row PASSED [ 43%]
skills/earn/self-improve/tests/test_ledger_reader.py::test_is_profitable_false_for_narrate_only_row_no_tx PASSED [ 45%]
skills/earn/self-improve/tests/test_ledger_reader.py::test_is_profitable_false_for_swap_row_even_if_net_positive_and_external PASSED [ 47%]
skills/earn/self-improve/tests/test_ledger_reader.py::test_is_profitable_false_for_negative_net_row PASSED [ 50%]
skills/earn/self-improve/tests/test_ledger_reader.py::test_is_profitable_false_for_unconfirmed_tx_status PASSED [ 52%]
skills/earn/self-improve/tests/test_ledger_reader.py::test_is_profitable_false_for_none_or_empty PASSED [ 54%]
skills/earn/self-improve/tests/test_ledger_reader.py::test_read_ledger_missing_file_returns_empty_list PASSED [ 56%]
skills/earn/self-improve/tests/test_ledger_reader.py::test_read_ledger_skips_blank_and_malformed_lines PASSED [ 59%]
skills/earn/self-improve/tests/test_ledger_reader.py::test_realized_summary_on_sparse_real_shaped_ledger PASSED [ 61%]
skills/earn/self-improve/tests/test_ledger_reader.py::test_realized_summary_missing_ledger_degrades_to_all_zero PASSED [ 63%]
skills/earn/self-improve/tests/test_ledger_reader.py::test_realized_summary_empty_ledger_file_degrades_to_all_zero PASSED [ 65%]
skills/earn/self-improve/tests/test_ledger_reader.py::test_realized_summary_window_excludes_rows_outside_ts_range PASSED [ 68%]
skills/earn/self-improve/tests/test_ledger_reader.py::test_realized_summary_default_path_points_at_the_real_earn_ledger_location PASSED [ 70%]
skills/earn/self-improve/tests/test_reward_hacking_tripwire.py::test_implausible_jump_over_3x_population_best_is_flagged PASSED [ 72%]
skills/earn/self-improve/tests/test_reward_hacking_tripwire.py::test_score_within_3x_population_best_is_not_flagged PASSED [ 75%]
skills/earn/self-improve/tests/test_reward_hacking_tripwire.py::test_flagged_candidate_is_never_silently_promoted_even_if_other_gates_pass PASSED [ 77%]
skills/earn/self-improve/tests/test_reward_hacking_tripwire.py::test_combined_score_is_never_reported_above_the_configured_ceiling PASSED [ 79%]
skills/earn/self-improve/tests/test_reward_hacking_tripwire.py::test_apply_score_cap_never_exceeds_ceiling_for_any_raw_score PASSED [ 81%]
skills/earn/self-improve/tests/test_reward_hacking_tripwire.py::test_is_implausible_jump_boundary_is_strict_greater_than PASSED [ 84%]
skills/earn/self-improve/tests/test_reward_hacking_tripwire.py::test_non_positive_population_best_never_fires_this_specific_tripwire PASSED [ 86%]
skills/earn/self-improve/tests/test_risk_adjusted_fitness.py::test_risk_adjusted_score_is_mean_over_stddev_when_stddev_clears_the_eps_floor PASSED [ 88%]
skills/earn/self-improve/tests/test_risk_adjusted_fitness.py::test_risk_adjusted_score_falls_back_to_eps_only_in_the_zero_variance_degenerate_case PASSED [ 90%]
skills/earn/self-improve/tests/test_risk_adjusted_fitness.py::test_risk_adjusted_score_empty_input_is_fail_sentinel_zero PASSED [ 93%]
skills/earn/self-improve/tests/test_risk_adjusted_fitness.py::test_risk_adjusted_score_is_invariant_to_uniform_positive_leverage PASSED [ 95%]
skills/earn/self-improve/tests/test_risk_adjusted_fitness.py::test_leverage_only_candidate_does_not_beat_baseline_on_real_fixture PASSED [ 97%]
skills/earn/self-improve/tests/test_risk_adjusted_fitness.py::test_genuine_selection_change_beats_baseline_where_leverage_could_not PASSED [100%]

============================== 44 passed in 0.07s ==============================
